make all --print-data-base --no-builtin-variables --no-builtin-rules --question
obj/main.d:1: *** missing separator.  Stop.
 
# GNU Make 4.3
# Built for x86_64-pc-linux-gnu
# Copyright (C) 1988-2020 Free Software Foundation, Inc.
# License GPLv3+: GNU GPL version 3 or later <http://gnu.org/licenses/gpl.html>
# This is free software: you are free to change and redistribute it.
# There is NO WARRANTY, to the extent permitted by law.

# Make data base, printed on Wed Oct 20 20:06:55 2021

# Variables

# environment
GDK_BACKEND = x11
# environment
LC_ALL = C
# environment
NO_AT_BRIDGE = 1
# makefile (from 'Makefile', line 15)
OBJEXT := o
# makefile (from 'Makefile', line 14)
DEPEXT := d
# environment
I3SOCK = /run/user/1000/i3/ipc-socket.34368
# environment
VSCODE_IPC_HOOK_EXTHOST = /run/user/1000/vscode-ipc-24aadf95-3e37-44bb-a933-6dd62b24f817.sock
# environment
VSCODE_CWD = /home/jacob
# environment
WINDOWPATH = 1
# default
MAKE_COMMAND := make
# automatic
@D = $(patsubst %/,%,$(dir $@))
# environment
VSCODE_HANDLES_UNCAUGHT_ERRORS = true
# default
.VARIABLES := 
# environment
PWD = /home/jacob/Documents/Projects/threadpool
# automatic
%D = $(patsubst %/,%,$(dir $%))
# environment
MAIL = /var/spool/mail/jacob
# automatic
^D = $(patsubst %/,%,$(dir $^))
# environment
VSCODE_LOG_STACK = false
# automatic
%F = $(notdir $%)
# environment
VSCODE_CODE_CACHE_PATH = /home/jacob/.config/Code - OSS/CachedData/ee8c7def80afc00dd6e593ef12f37756d8f504ea
# environment
LANG = C
# environment
XAUTHORITY = /home/jacob/.Xauthority
# default
.LOADED := 
# default
.INCLUDE_DIRS = /usr/include /usr/local/include /usr/include
# makefile
MAKEFLAGS = pqrR
# makefile (from 'Makefile', line 11)
TARGETDIR := bin
# makefile
CURDIR := /home/jacob/Documents/Projects/threadpool
# environment
VSCODE_PIPE_LOGGING = true
# environment
APPLICATION_INSIGHTS_NO_DIAGNOSTIC_CHANNEL = true
# automatic
*D = $(patsubst %/,%,$(dir $*))
# environment
MFLAGS = -pqrR
# default
.SHELLFLAGS := -c
# automatic
+D = $(patsubst %/,%,$(dir $+))
# environment
VSCODE_CRASH_REPORTER_START_OPTIONS = {"companyName":"Microsoft","productName":"Code - OSS","submitURL":"","uploadToServer":false}
# makefile (from 'obj/main.d', line 1)
MAKEFILE_LIST := Makefile obj/main.d
# automatic
@F = $(notdir $@)
# environment
VSCODE_VERBOSE_LOGGING = true
# environment
VSCODE_PID = 48520
# environment
XDG_SESSION_TYPE = tty
# automatic
?D = $(patsubst %/,%,$(dir $?))
# automatic
*F = $(notdir $*)
# environment
CHROME_DESKTOP = code-oss.desktop
# environment
DBUS_SESSION_BUS_ADDRESS = unix:path=/run/user/1000/bus
# makefile (from 'Makefile', line 19)
LIB := -pthread
# automatic
<D = $(patsubst %/,%,$(dir $<))
# environment
VSCODE_NLS_CONFIG = {"locale":"en-gb","availableLanguages":{},"_languagePackSupport":true}
# environment
BREAKPAD_DUMP_LOCATION = /home/jacob/.config/Code - OSS/exthost Crash Reports
# default
MAKE_HOST := x86_64-pc-linux-gnu
# makefile
SHELL = /bin/sh
# default
MAKECMDGOALS := all
# environment
SHLVL = 1
# environment
MAKELEVEL := 0
# default
MAKE = $(MAKE_COMMAND)
# environment
PATH = /usr/local/sbin:/usr/local/bin:/usr/bin:/usr/lib/jvm/default/bin:/usr/bin/site_perl:/usr/bin/vendor_perl:/usr/bin/core_perl
# default
MAKEFILES := 
# environment
MOTD_SHOWN = pam
# automatic
^F = $(notdir $^)
# makefile (from 'Makefile', line 21)
INCDEP := -Iinc
# environment
VSCODE_LOG_NATIVE = false
# automatic
?F = $(notdir $?)
# makefile (from 'Makefile', line 20)
INC := -Iinc -I/usr/local/include
# environment
XDG_SEAT = seat0
# automatic
+F = $(notdir $+)
# environment
ORIGINAL_XDG_CURRENT_DESKTOP = undefined
# makefile (from 'Makefile', line 27)
OBJECTS := obj/main.o
# environment
GNUMAKEFLAGS := 
# environment
LOGNAME = jacob
# environment
XDG_VTNR = 1
# makefile (from 'Makefile', line 13)
SRCEXT := cpp
# makefile
.DEFAULT_GOAL := all
# environment
DISPLAY = :0
# environment
USER = jacob
# default
MAKE_VERSION := 4.3
# 'override' directive
.SHELLSTATUS := 0
# environment
_ = /usr/bin/make
# environment
XDG_RUNTIME_DIR = /run/user/1000
# makefile (from 'Makefile', line 18)
CFLAGS := -pthread -Wall -O3 -g
# makefile (from 'Makefile', line 12)
RESDIR := res
# environment
XDG_SESSION_CLASS = user
# environment
VSCODE_AMD_ENTRYPOINT = vs/workbench/services/extensions/node/extensionHostProcess
# environment
HOME = /home/jacob
# makefile (from 'Makefile', line 9)
INCDIR := inc
# environment
ELECTRON_RUN_AS_NODE = 1
# environment
VSCODE_IPC_HOOK = /run/user/1000/vscode-1736818c-1.61.0-main.sock
# environment
TERM = linux
# makefile (from 'Makefile', line 8)
SRCDIR := src
# environment
XDG_SESSION_ID = 3
# default
.RECIPEPREFIX := 
# automatic
<F = $(notdir $<)
# default
SUFFIXES := 
# makefile (from 'Makefile', line 5)
TARGET := pool
# environment
VSCODE_CLI = 1
# environment
ELECTRON_NO_ATTACH_CONSOLE = 1
# default
.FEATURES := target-specific order-only second-expansion else-if shortest-stem undefine oneshell nocomment grouped-target extra-prereqs archives jobserver output-sync check-symlink guile load
# makefile (from 'Makefile', line 2)
CC := g++
# makefile (from 'Makefile', line 10)
BUILDDIR := obj
# makefile (from 'Makefile', line 26)
SOURCES := src/main.cpp
# variable set hash-table stats:
# Load=97/1024=9%, Rehash=0, Collisions=6/129=5%

# Pattern-specific Variable Values

# No pattern-specific variable values.

# Directories

# . (device 2050, inode 12325416): 13 files, no impossibilities.

# 13 files, no impossibilities in 1 directories.

# Implicit Rules

# No implicit rules.

# Files

# Not a target:
obj/main.d:
#  Implicit rule search has not been done.
#  Modification time never checked.
#  File has not been updated.

resources:
#  Implicit rule search has not been done.
#  Modification time never checked.
#  File has not been updated.
#  recipe to execute (from 'Makefile', line 37):
	@cp -r $(RESDIR)/ $(TARGETDIR)/

# Not a target:
Makefile:
#  Implicit rule search has not been done.
#  Modification time never checked.
#  File has not been updated.

clean:
#  Implicit rule search has not been done.
#  Modification time never checked.
#  File has not been updated.
#  recipe to execute (from 'Makefile', line 46):
	@$(RM) -rf $(BUILDDIR)

# Not a target:
pool:
#  Implicit rule search has not been done.
#  Modification time never checked.
#  File has not been updated.

cleaner:
#  Implicit rule search has not been done.
#  Modification time never checked.
#  File has not been updated.
#  recipe to execute (from 'Makefile', line 50):
	@$(RM) -rf $(TARGETDIR)

remake: cleaner all
#  Implicit rule search has not been done.
#  Modification time never checked.
#  File has not been updated.

# Not a target:
.DEFAULT:
#  Implicit rule search has not been done.
#  Modification time never checked.
#  File has not been updated.

all: resources pool
#  Command line target.
#  Implicit rule search has not been done.
#  Modification time never checked.
#  File has not been updated.

directories:
#  Implicit rule search has not been done.
#  Modification time never checked.
#  File has not been updated.
#  recipe to execute (from 'Makefile', line 41):
	@mkdir -p $(TARGETDIR)
	@mkdir -p $(BUILDDIR)

# files hash-table stats:
# Load=11/1024=1%, Rehash=0, Collisions=0/20=0%
# VPATH Search Paths

 
# No 'vpath' search paths.

# No general ('VPATH' variable) search path.

# strcache buffers: 1 (0) / strings = 25 / storage = 190 B / avg = 7 B
# current buf: size = 8162 B / used = 190 B / count = 25 / avg = 7 B

# strcache performance: lookups = 40 / hit rate = 37%
# hash-table stats:
# Load=25/8192=0%, Rehash=0, Collisions=0/40=0%
# Finished Make data base on Wed Oct 20 20:06:55 2021

 
